chap01/app/build/intermediates/manifest_merge_blame_file/release/manifest-merger-blame-release-report.txt
1<?xml version="1.0" encoding="utf-8"?>
2<manifest xmlns:android="http://schemas.android.com/apk/res/android"
3    package="com.example.firstNative"
4    android:versionCode="1"
5    android:versionName="1.0" >
6
7    <uses-sdk
8        android:minSdkVersion="21"
9        android:targetSdkVersion="34" />
10
11    <uses-feature
11-->src/main/AndroidManifest.xml:4:2-74
12        android:glEsVersion="0x00020000"
12-->src/main/AndroidManifest.xml:4:16-48
13        android:required="true" />
13-->src/main/AndroidManifest.xml:4:49-72
14
15    <application
15-->src/main/AndroidManifest.xml:5:2-14:16
16        android:allowBackup="true"
16-->src/main/AndroidManifest.xml:6:3-29
17        android:extractNativeLibs="true"
18        android:label="NDK-chap01" >
18-->src/main/AndroidManifest.xml:7:3-29
19        <activity
19-->src/main/AndroidManifest.xml:8:3-13:14
20            android:name="com.example.chap01.MainActivity"
20-->src/main/AndroidManifest.xml:8:13-59
21            android:exported="true" >
21-->src/main/AndroidManifest.xml:8:60-83
22            <intent-filter>
22-->src/main/AndroidManifest.xml:9:4-12:20
23                <action android:name="android.intent.action.MAIN" />
23-->src/main/AndroidManifest.xml:10:5-56
23-->src/main/AndroidManifest.xml:10:13-54
24
25                <category android:name="android.intent.category.LAUNCHER" />
25-->src/main/AndroidManifest.xml:11:5-64
25-->src/main/AndroidManifest.xml:11:15-62
26            </intent-filter>
27        </activity>
28    </application>
29
30</manifest>